build/app/outputs/mapping/release/seeds.txt
net.fluttertutorial.flutter_login_ui.MainActivity
net.fluttertutorial.flutter_login_ui.MainActivity: MainActivity()
...
io.flutter.embedding.engine.FlutterJNI: void onVsync(long,long,long)
androidx.window.embedding.EmbeddingAdapter: java.lang.Object component1(android.util.Pair)
io.flutter.embedding.android.FlutterSurfaceView: io.flutter.embedding.engine.renderer.FlutterRenderer getAttachedRenderer()
io.flutter.embedding.engine.systemchannels.TextInputChannel$TextInputType: io.flutter.embedding.engine.systemchannels.TextInputChannel$TextInputType valueOf(java.lang.String)
kotlin.jvm.internal.FunctionReference: kotlin.reflect.KCallable getReflected()
kotlinx.coroutines.scheduling.CoroutineScheduler$WorkerState: kotlinx.coroutines.scheduling.CoroutineScheduler$WorkerState valueOf(java.lang.String)
androidx.window.layout.ExtensionInterfaceCompat: void onWindowLayoutChangeListenerAdded(android.app.Activity)
androidx.window.core.Bounds: boolean isZero()
io.flutter.embedding.engine.FlutterJNI: void nativeOnVsync(long,long,long)
androidx.window.layout.DisplayCompatHelperApi28: androidx.window.layout.DisplayCompatHelperApi28 INSTANCE
androidx.window.layout.SidecarCompat$DistinctElementCallback
android.support.v4.app.RemoteActionCompatParcelizer: androidx.core.app.RemoteActionCompat read(androidx.versionedparcelable.VersionedParcel)
io.flutter.embedding.engine.FlutterJNI: android.graphics.Bitmap nativeGetBitmap(long)
androidx.window.layout.SidecarCompat$DistinctElementCallback: androidx.window.layout.ExtensionInterfaceCompat$ExtensionCallbackInterface callbackInterface
io.flutter.embedding.engine.FlutterJNI: void onBeginFrame()
androidx.window.layout.ActivityCompatHelperApi24: ActivityCompatHelperApi24()
androidx.window.layout.FoldingFeature$Orientation: java.lang.String description
androidx.window.layout.SidecarCompat$FirstAttachAdapter: void onViewAttachedToWindow(android.view.View)
androidx.window.layout.WindowMetrics: androidx.window.core.Bounds _bounds
io.flutter.view.AccessibilityBridge$TextDirection: io.flutter.view.AccessibilityBridge$TextDirection valueOf(java.lang.String)
kotlinx.coroutines.scheduling.CoroutineScheduler$Worker: int workerCtl
androidx.window.embedding.SplitController: androidx.window.embedding.SplitController globalInstance
androidx.window.java.layout.WindowInfoTrackerCallbackAdapter: void addListener(java.util.concurrent.Executor,androidx.core.util.Consumer,kotlinx.coroutines.flow.Flow)
androidx.window.layout.FoldingFeature$OcclusionType: androidx.window.layout.FoldingFeature$OcclusionType$Companion Companion
io.flutter.plugin.editing.ImeSyncDeferringInsetsCallback: boolean access$300(io.flutter.plugin.editing.ImeSyncDeferringInsetsCallback)
androidx.window.core.Version$Companion: androidx.window.core.Version getCURRENT()
androidx.window.embedding.SplitRuleParser: androidx.window.embedding.ActivityFilter parseActivityFilter(android.content.Context,android.content.res.XmlResourceParser)
androidx.window.embedding.ActivityFilter: int hashCode()
androidx.window.embedding.ExtensionEmbeddingBackend$EmbeddingCallbackImpl: ExtensionEmbeddingBackend$EmbeddingCallbackImpl(androidx.window.embedding.ExtensionEmbeddingBackend)
androidx.window.core.Bounds: int getTop()
androidx.window.layout.FoldingFeature$OcclusionType$Companion: FoldingFeature$OcclusionType$Companion(kotlin.jvm.internal.DefaultConstructorMarker)
kotlinx.coroutines.scheduling.CoroutineScheduler$Worker: java.lang.Object nextParkedWorker
androidx.window.R$styleable
androidx.window.embedding.SplitController: java.util.concurrent.locks.ReentrantLock access$getGlobalLock$cp()
kotlinx.coroutines.internal.ThreadSafeHeap: int _size
kotlinx.coroutines.CompletedExceptionally: int _handled
androidx.window.R$id: int rtl
androidx.window.embedding.EmbeddingCompat$Companion: androidx.window.extensions.embedding.ActivityEmbeddingComponent embeddingComponent()
kotlin.coroutines.jvm.internal.ContinuationImpl: ContinuationImpl(kotlin.coroutines.Continuation)
kotlinx.coroutines.scheduling.WorkQueue
androidx.window.core.Version: java.math.BigInteger getBigInteger()