build/app/outputs/mapping/release/mapping.txt
# compiler: R8
# compiler_version: 2.1.62
# min_api: 16
# pg_map_id: 29302fa
# common_typos_disable
...
kotlinx.coroutines.BeforeResumeCancelHandler -> kotlinx.coroutines.g:
kotlinx.coroutines.BlockingEventLoop -> kotlinx.coroutines.h:
    java.lang.Thread thread -> j
    java.lang.Thread getThread() -> A
kotlinx.coroutines.BuildersKt -> kotlinx.coroutines.i:
    kotlinx.coroutines.Job launch(kotlinx.coroutines.CoroutineScope,kotlin.coroutines.CoroutineContext,kotlinx.coroutines.CoroutineStart,kotlin.jvm.functions.Function2) -> a
    kotlinx.coroutines.Job launch$default(kotlinx.coroutines.CoroutineScope,kotlin.coroutines.CoroutineContext,kotlinx.coroutines.CoroutineStart,kotlin.jvm.functions.Function2,int,java.lang.Object) -> b
kotlinx.coroutines.BuildersKt__Builders_commonKt -> kotlinx.coroutines.j:
    kotlinx.coroutines.Job launch(kotlinx.coroutines.CoroutineScope,kotlin.coroutines.CoroutineContext,kotlinx.coroutines.CoroutineStart,kotlin.jvm.functions.Function2) -> a
    kotlinx.coroutines.Job launch$default(kotlinx.coroutines.CoroutineScope,kotlin.coroutines.CoroutineContext,kotlinx.coroutines.CoroutineStart,kotlin.jvm.functions.Function2,int,java.lang.Object) -> b
kotlinx.coroutines.CancelHandler -> kotlinx.coroutines.k:
kotlinx.coroutines.CancelHandlerBase -> kotlinx.coroutines.l:
    void invoke(java.lang.Throwable) -> a
kotlinx.coroutines.CancellableContinuation -> kotlinx.coroutines.m:
    java.lang.Object tryResume(java.lang.Object,java.lang.Object,kotlin.jvm.functions.Function1) -> b
    java.lang.Object tryResume(java.lang.Object,java.lang.Object) -> g
    void invokeOnCancellation(kotlin.jvm.functions.Function1) -> k
    void resume(java.lang.Object,kotlin.jvm.functions.Function1) -> n
    java.lang.Object tryResumeWithException(java.lang.Throwable) -> p
    void completeResume(java.lang.Object) -> r
kotlinx.coroutines.CancellableContinuation$DefaultImpls -> kotlinx.coroutines.m$a:
    java.lang.Object tryResume$default(kotlinx.coroutines.CancellableContinuation,java.lang.Object,java.lang.Object,int,java.lang.Object) -> a
kotlinx.coroutines.CancellableContinuationImpl -> kotlinx.coroutines.n:
    kotlin.coroutines.CoroutineContext context -> h
    java.util.concurrent.atomic.AtomicIntegerFieldUpdater _decision$FU -> j
    kotlin.coroutines.Continuation delegate -> g
    java.util.concurrent.atomic.AtomicReferenceFieldUpdater _state$FU -> k
    kotlinx.coroutines.DisposableHandle parentHandle -> i
    boolean isReusable() -> A
    kotlinx.coroutines.CancelHandler makeCancelHandler(kotlin.jvm.functions.Function1) -> B
    void multipleHandlersError(kotlin.jvm.functions.Function1,java.lang.Object) -> C
    java.lang.String nameString() -> D
    void parentCancelled$kotlinx_coroutines_core(java.lang.Throwable) -> E
    void releaseClaimedReusableContinuation() -> F
    boolean resetStateReusable() -> G
    void resumeImpl(java.lang.Object,int,kotlin.jvm.functions.Function1) -> H
    void resumeImpl$default(kotlinx.coroutines.CancellableContinuationImpl,java.lang.Object,int,kotlin.jvm.functions.Function1,int,java.lang.Object) -> I
    java.lang.Object resumedState(kotlinx.coroutines.NotCompleted,java.lang.Object,int,kotlin.jvm.functions.Function1,java.lang.Object) -> J
    boolean tryResume() -> K
    kotlinx.coroutines.internal.Symbol tryResumeImpl(java.lang.Object,java.lang.Object,kotlin.jvm.functions.Function1) -> L
    boolean trySuspend() -> M
    void cancelCompletedResult$kotlinx_coroutines_core(java.lang.Object,java.lang.Throwable) -> a
kotlinx.coroutines.CancellableContinuationImplKt -> kotlinx.coroutines.o:
    kotlinx.coroutines.internal.Symbol RESUME_TOKEN -> a
kotlinx.coroutines.CancellableContinuationKt -> kotlinx.coroutines.p:
    kotlinx.coroutines.CancellableContinuationImpl getOrCreateCancellableContinuation(kotlin.coroutines.Continuation) -> a
kotlinx.coroutines.CancelledContinuation -> kotlinx.coroutines.q:
    java.util.concurrent.atomic.AtomicIntegerFieldUpdater _resumed$FU -> c
    boolean makeResumed() -> c