build/app/outputs/mapping/release/usage.txt
net.fluttertutorial.flutter_login_ui.R$string
net.fluttertutorial.flutter_login_ui.R$id
net.fluttertutorial.flutter_login_ui.R$color
net.fluttertutorial.flutter_login_ui.R
net.fluttertutorial.flutter_login_ui.R$integer
net.fluttertutorial.flutter_login_ui.R$mipmap
net.fluttertutorial.flutter_login_ui.R$styleable
net.fluttertutorial.flutter_login_ui.R$layout
net.fluttertutorial.flutter_login_ui.R$dimen
net.fluttertutorial.flutter_login_ui.R$drawable
net.fluttertutorial.flutter_login_ui.R$attr
net.fluttertutorial.flutter_login_ui.BuildConfig
net.fluttertutorial.flutter_login_ui.R$style
...
androidx.core.app.JobIntentService$CompatWorkEnqueuer
androidx.activity.R$dimen
io.flutter.FlutterInjector:
    public static void setInstance(io.flutter.FlutterInjector)
    public static void reset()
androidx.core.net.ParseException
androidx.core.view.ViewCompat$FocusDirection
kotlinx.coroutines.flow.EmptyFlow
androidx.activity.ComponentActivity:
    public void <init>()
    public void <init>(int)
    static synthetic void access$001(androidx.activity.ComponentActivity)
    protected void onCreate(android.os.Bundle)
    protected void onSaveInstanceState(android.os.Bundle)
    public final java.lang.Object onRetainNonConfigurationInstance()
    public java.lang.Object onRetainCustomNonConfigurationInstance()
    public java.lang.Object getLastCustomNonConfigurationInstance()
    public androidx.lifecycle.Lifecycle getLifecycle()
    public void onBackPressed()
    public final androidx.activity.OnBackPressedDispatcher getOnBackPressedDispatcher()
    public final androidx.savedstate.SavedStateRegistry getSavedStateRegistry()
    private final androidx.lifecycle.LifecycleRegistry mLifecycleRegistry
    private final androidx.savedstate.SavedStateRegistryController mSavedStateRegistryController
    private androidx.lifecycle.ViewModelStore mViewModelStore
    private final androidx.activity.OnBackPressedDispatcher mOnBackPressedDispatcher
    private int mContentLayoutId
androidx.annotation.StyleableRes
kotlin.UShortKt
kotlin.collections.CollectionsKt__IterablesKt:
    private static final java.lang.Iterable Iterable(kotlin.jvm.functions.Function0)
    public static final java.lang.Integer collectionSizeOrNull(java.lang.Iterable)
    public static final java.util.List flatten(java.lang.Iterable)
    public static final kotlin.Pair unzip(java.lang.Iterable)
    public void <init>()
kotlin.io.ExceptionsKt
kotlin.text.Regex$findAll$2
kotlin.ContextFunctionTypeParams
androidx.core.text.HtmlCompat
androidx.core.view.accessibility.AccessibilityRecordCompat
kotlin.text.StringsKt___StringsKt$asIterable$$inlined$Iterable$1
androidx.versionedparcelable.VersionedParcelStream$FieldBuffer
kotlinx.coroutines.flow.FlowKt__DelayKt$debounce$2
androidx.core.location.LocationManagerCompat$PreRGnssStatusTransport$1
kotlin.coroutines.jvm.internal.RunSuspendKt
androidx.core.view.ContentInfoCompat$Source
kotlinx.coroutines.flow.FlowKt__ShareKt$launchSharing$1$1
kotlin.comparisons.ComparisonsKt__ComparisonsKt$nullsLast$1
kotlin.text.StringsKt___StringsKt$windowed$1
kotlin.collections.CollectionSystemProperties
kotlin.jvm.functions.Function22:
    public abstract java.lang.Object invoke(java.lang.Object,java.lang.Object,java.lang.Object,java.lang.Object,java.lang.Object,java.lang.Object,java.lang.Object,java.lang.Object,java.lang.Object,java.lang.Object,java.lang.Object,java.lang.Object,java.lang.Object,java.lang.Object,java.lang.Object,java.lang.Object,java.lang.Object,java.lang.Object,java.lang.Object,java.lang.Object,java.lang.Object,java.lang.Object)
kotlinx.coroutines.flow.FlowKt__TransformKt$runningFold$$inlined$unsafeFlow$1
androidx.annotation.FloatRange
kotlinx.coroutines.EventLoopImplBase$DelayedTask:
    public void <init>(long)
kotlinx.coroutines.debug.internal.ConcurrentWeakMap$Entry
kotlinx.coroutines.flow.FlowKt__ZipKt$combineTransform$$inlined$combineTransformUnsafe$FlowKt__ZipKt$3$1
androidx.core.view.ViewPropertyAnimatorCompat
kotlinx.coroutines.internal.AtomicOp:
    public final java.lang.Object getConsensus()
    public final boolean isDecided()
androidx.core.content.res.ComplexColorCompat
kotlinx.coroutines.scheduling.DefaultScheduler:
    public final java.lang.String toDebugString()
kotlinx.coroutines.channels.ProduceKt
androidx.fragment.app.FragmentTabHost
kotlinx.coroutines.flow.FlowKt__EmittersKt$onEmpty$lambda-5$$inlined$collect$1
kotlin.time.TimeMark
androidx.core.view.WindowInsetsAnimationCompat$Impl
kotlin.jvm.internal.Ref$FloatRef
android.support.v4.os.IResultReceiver$Default
io.flutter.plugins.connectivity.R$dimen